<?xml version="1.0" encoding="UTF-8"?>
<!-- Generated by org.testng.reporters.JUnitXMLReporter -->
<testsuite ignored="0" hostname="idea-PC" failures="0" tests="3" name="Default test" time="0.098" errors="0" timestamp="2022-05-10T17:14:07 IST">
  <testcase classname="com.comcasr.Crm.CampaignTest.CampaignTest" name="createCampaignTest" time="0.016"/>
  <testcase classname="com.comcasr.Crm.CampaignTest.CampaignTest" name="createCampaignWithProductTest" time="0.004"/>
  <testcase classname="com.comcasr.Crm.CampaignTest.CampaignTest" name="editCampaignTest" time="0.003"/>
</testsuite> <!-- Default test -->
