<?xml version="1.0" encoding="UTF-8"?>
<testng-results ignored="0" total="3" passed="3" failed="0" skipped="0">
  <reporter-output>
  </reporter-output>
  <suite started-at="2022-05-10T17:14:07 IST" name="Default suite" finished-at="2022-05-10T17:14:07 IST" duration-ms="98">
    <groups>
      <group name="SmokeTesting">
        <method signature="CampaignTest.createCampaignTest()[pri:0, instance:com.comcasr.Crm.CampaignTest.CampaignTest@6a370f4]" name="createCampaignTest" class="com.comcasr.Crm.CampaignTest.CampaignTest"/>
      </group> <!-- SmokeTesting -->
      <group name="RegressionTesting">
        <method signature="CampaignTest.createCampaignWithProductTest()[pri:0, instance:com.comcasr.Crm.CampaignTest.CampaignTest@6a370f4]" name="createCampaignWithProductTest" class="com.comcasr.Crm.CampaignTest.CampaignTest"/>
        <method signature="CampaignTest.editCampaignTest()[pri:0, instance:com.comcasr.Crm.CampaignTest.CampaignTest@6a370f4]" name="editCampaignTest" class="com.comcasr.Crm.CampaignTest.CampaignTest"/>
      </group> <!-- RegressionTesting -->
    </groups>
    <test started-at="2022-05-10T17:14:07 IST" name="Default test" finished-at="2022-05-10T17:14:07 IST" duration-ms="98">
      <class name="com.comcasr.Crm.CampaignTest.CampaignTest">
        <test-method signature="createCampaignTest()[pri:0, instance:com.comcasr.Crm.CampaignTest.CampaignTest@6a370f4]" started-at="2022-05-10T17:14:07 IST" name="createCampaignTest" finished-at="2022-05-10T17:14:07 IST" duration-ms="16" status="PASS">
          <reporter-output>
          </reporter-output>
        </test-method> <!-- createCampaignTest -->
        <test-method signature="createCampaignWithProductTest()[pri:0, instance:com.comcasr.Crm.CampaignTest.CampaignTest@6a370f4]" started-at="2022-05-10T17:14:07 IST" name="createCampaignWithProductTest" finished-at="2022-05-10T17:14:07 IST" duration-ms="4" status="PASS">
          <reporter-output>
          </reporter-output>
        </test-method> <!-- createCampaignWithProductTest -->
        <test-method signature="editCampaignTest()[pri:0, instance:com.comcasr.Crm.CampaignTest.CampaignTest@6a370f4]" started-at="2022-05-10T17:14:07 IST" name="editCampaignTest" finished-at="2022-05-10T17:14:07 IST" duration-ms="3" status="PASS">
          <reporter-output>
          </reporter-output>
        </test-method> <!-- editCampaignTest -->
      </class> <!-- com.comcasr.Crm.CampaignTest.CampaignTest -->
    </test> <!-- Default test -->
  </suite> <!-- Default suite -->
</testng-results>
